#
# A fatal error has been detected by the Java Runtime Environment:
#
#  EXCEPTION_UNCAUGHT_CXX_EXCEPTION (0xe06d7363) at pc=0x000007fefd5e940d, pid=5788, tid=5896
#
# JRE version: Java(TM) SE Runtime Environment (7.0_67-b01) (build 1.7.0_67-b01)
# Java VM: Java HotSpot(TM) 64-Bit Server VM (24.65-b04 mixed mode windows-amd64 compressed oops)
# Problematic frame:
# C  [KERNELBASE.dll+0x940d]
#
# Failed to write core dump. Minidumps are not enabled by default on client versions of Windows
#
# If you would like to submit a bug report, please visit:
#   http://bugreport.sun.com/bugreport/crash.jsp
# The crash happened outside the Java Virtual Machine in native code.
# See problematic frame for where to report the bug.
#

---------------  T H R E A D  ---------------

Current thread (0x000000000a184800):  JavaThread "Thread-1" [_thread_in_native, id=5896, stack(0x000000000b1f0000,0x000000000b2f0000)]

siginfo: ExceptionCode=0xe06d7363, ExceptionInformation=0x0000000019930520 0x000000000b2ecd30 0x000007fee842ec20 0x000007fee7f90000 

Registers:
RAX=0x0000000078560734, RBX=0x00000000bca7b950, RCX=0x000000000b2dc540, RDX=0x00000000000000f0
RSP=0x000000000b2dcb50, RBP=0x000000000b2ef198, RSI=0x000007fee919f3d0, RDI=0x000000000b2dcca0
R8 =0x0000000000000000, R9 =0x0000000000000000, R10=0x000007fee7f90000, R11=0x000000000b2dcb90
R12=0x0000000000000000, R13=0x00000000bca7b950, R14=0x000000000b2ef1c0, R15=0x000000000a184800
RIP=0x000007fefd5e940d, EFLAGS=0x0000000000000202

Top of Stack: (sp=0x000000000b2dcb50)
0x000000000b2dcb50:   00000000bca7b950 000007fee919f3d0
0x000000000b2dcb60:   000000000b2dcca0 00000000001f0d20
0x000000000b2dcb70:   00000001e06d7363 0000000000000000
0x000000000b2dcb80:   000007fefd5e940d 000007fe00000004
0x000000000b2dcb90:   0000000019930520 000000000b2ecd30
0x000000000b2dcba0:   000007fee842ec20 000007fee7f90000
0x000000000b2dcbb0:   000000000b2dcbf0 000000000b2dcc38
0x000000000b2dcbc0:   00000000001f0d71 000000000b2dcbe0
0x000000000b2dcbd0:   00000000001bb4c0 cccccccccccccccc
0x000000000b2dcbe0:   cccccccccccccc00 cccccccccccccccc
0x000000000b2dcbf0:   000000000b2ef1c0 00000000bca7b950
0x000000000b2dcc00:   0000000000000000 000000000b2dcca0
0x000000000b2dcc10:   000007fee919f3d0 000007fee910a2d6
0x000000000b2dcc20:   00000000bca7b950 000000000b2dcc50
0x000000000b2dcc30:   0000000000000001 000007fee7f90110
0x000000000b2dcc40:   000007fee842ec20 000000000b2ecf08 

Instructions: (pc=0x000007fefd5e940d)
0x000007fefd5e93ed:   54 24 24 48 89 4c 24 28 4d 85 c9 0f 85 aa 18 00
0x000007fefd5e93fd:   00 89 4c 24 38 48 8d 4c 24 20 ff 15 93 1e 04 00
0x000007fefd5e940d:   48 81 c4 c8 00 00 00 c3 90 90 90 90 90 90 90 90
0x000007fefd5e941d:   90 90 90 48 8b c4 48 83 ec 78 41 f7 c0 fe ff ff 


Register to memory mapping:

RAX=0x0000000078560734 is an unknown value
RBX=0x00000000bca7b950 is an oop
{method} 
 - klass: {other class}
RCX=0x000000000b2dc540 is pointing into the stack for thread: 0x000000000a184800
RDX=0x00000000000000f0 is an unknown value
RSP=0x000000000b2dcb50 is pointing into the stack for thread: 0x000000000a184800
RBP=0x000000000b2ef198 is pointing into the stack for thread: 0x000000000a184800
RSI=0x000007fee919f3d0 is an unknown value
RDI=0x000000000b2dcca0 is pointing into the stack for thread: 0x000000000a184800
R8 =0x0000000000000000 is an unknown value
R9 =0x0000000000000000 is an unknown value
R10=0x000007fee7f90000 is an unknown value
R11=0x000000000b2dcb90 is pointing into the stack for thread: 0x000000000a184800
R12=0x0000000000000000 is an unknown value
R13=0x00000000bca7b950 is an oop
{method} 
 - klass: {other class}
R14=0x000000000b2ef1c0 is pointing into the stack for thread: 0x000000000a184800
R15=0x000000000a184800 is a thread


Stack: [0x000000000b1f0000,0x000000000b2f0000],  sp=0x000000000b2dcb50,  free space=946k
Native frames: (J=compiled Java code, j=interpreted, Vv=VM code, C=native code)
C  [KERNELBASE.dll+0x940d]
j  analysis.FilmAnalyzer.run()V+5
j  java.lang.Thread.run()V+11
v  ~StubRoutines::call_stub
V  [jvm.dll+0x1ce283]

Java frames: (J=compiled Java code, j=interpreted, Vv=VM code)
j  analysis.FilmAnalyzer.NativeCall(Lanalysis/GenderInfo;)V+0
j  analysis.FilmAnalyzer.run()V+5
j  java.lang.Thread.run()V+11
v  ~StubRoutines::call_stub

---------------  P R O C E S S  ---------------

Java Threads: ( => current thread )
  0x000000000034d800 JavaThread "DestroyJavaVM" [_thread_blocked, id=4000, stack(0x0000000002360000,0x0000000002460000)]
  0x000000000a1fd800 JavaThread "Thread-3" [_thread_in_native, id=5420, stack(0x000000000b560000,0x000000000b660000)]
  0x000000000a187000 JavaThread "Thread-2" [_thread_in_Java, id=5840, stack(0x000000000b460000,0x000000000b560000)]
=>0x000000000a184800 JavaThread "Thread-1" [_thread_in_native, id=5896, stack(0x000000000b1f0000,0x000000000b2f0000)]
  0x00000000082fe000 JavaThread "Service Thread" daemon [_thread_blocked, id=4836, stack(0x00000000098c0000,0x00000000099c0000)]
  0x00000000082f5800 JavaThread "C2 CompilerThread1" daemon [_thread_blocked, id=5632, stack(0x0000000009f00000,0x000000000a000000)]
  0x00000000082f3800 JavaThread "C2 CompilerThread0" daemon [_thread_blocked, id=4940, stack(0x0000000009d20000,0x0000000009e20000)]
  0x00000000082f2000 JavaThread "Attach Listener" daemon [_thread_blocked, id=2692, stack(0x0000000009bf0000,0x0000000009cf0000)]
  0x00000000082a1000 JavaThread "Signal Dispatcher" daemon [_thread_blocked, id=1228, stack(0x00000000099d0000,0x0000000009ad0000)]
  0x0000000008287800 JavaThread "Finalizer" daemon [_thread_blocked, id=5280, stack(0x0000000009770000,0x0000000009870000)]
  0x0000000008280000 JavaThread "Reference Handler" daemon [_thread_blocked, id=1832, stack(0x00000000095b0000,0x00000000096b0000)]

Other Threads:
  0x0000000008278800 VMThread [stack: 0x00000000093a0000,0x00000000094a0000] [id=2152]
  0x000000000a00c800 WatcherThread [stack: 0x000000000a4e0000,0x000000000a5e0000] [id=3880]

VM state:not at safepoint (normal execution)

VM Mutex/Monitor currently owned by a thread: None

Heap
 PSYoungGen      total 18944K, used 10833K [0x00000000eb200000, 0x00000000ec700000, 0x0000000100000000)
  eden space 16384K, 66% used [0x00000000eb200000,0x00000000ebc94758,0x00000000ec200000)
  from space 2560K, 0% used [0x00000000ec480000,0x00000000ec480000,0x00000000ec700000)
  to   space 2560K, 0% used [0x00000000ec200000,0x00000000ec200000,0x00000000ec480000)
 ParOldGen       total 42496K, used 0K [0x00000000c1600000, 0x00000000c3f80000, 0x00000000eb200000)
  object space 42496K, 0% used [0x00000000c1600000,0x00000000c1600000,0x00000000c3f80000)
 PSPermGen       total 21504K, used 6837K [0x00000000bc400000, 0x00000000bd900000, 0x00000000c1600000)
  object space 21504K, 31% used [0x00000000bc400000,0x00000000bcaad570,0x00000000bd900000)

Card table byte_map: [0x0000000005460000,0x0000000005680000] byte_map_base: 0x0000000004e7e000

Polling page: 0x0000000000300000

Code Cache  [0x0000000002460000, 0x00000000026d0000, 0x0000000005460000)
 total_blobs=304 nmethods=42 adapters=215 free_code_cache=48664Kb largest_free_block=49807424

Compilation events (10 events):
Event: 1.953 Thread 0x00000000082f5800 nmethod 37 0x00000000024da410 code [0x00000000024da540, 0x00000000024da598]
Event: 1.954 Thread 0x00000000082f5800   39             java.util.Calendar::getFirstDayOfWeek (5 bytes)
Event: 1.954 Thread 0x00000000082f5800 nmethod 39 0x00000000024d6ad0 code [0x00000000024d6c00, 0x00000000024d6c58]
Event: 1.954 Thread 0x00000000082f5800   40             sun.util.calendar.AbstractCalendar::getDayOfWeekDateOnOrBefore (31 bytes)
Event: 1.956 Thread 0x00000000082f3800 nmethod 38 0x00000000024d6710 code [0x00000000024d6860, 0x00000000024d69b8]
Event: 1.956 Thread 0x00000000082f3800   41             java.util.Calendar::getMinimalDaysInFirstWeek (5 bytes)
Event: 1.956 Thread 0x00000000082f3800 nmethod 41 0x00000000024dd110 code [0x00000000024dd240, 0x00000000024dd298]
Event: 1.956 Thread 0x00000000082f3800   42             sun.util.calendar.BaseCalendar::getFixedDate (324 bytes)
Event: 1.957 Thread 0x00000000082f5800 nmethod 40 0x00000000024d6450 code [0x00000000024d65a0, 0x00000000024d6668]
Event: 1.965 Thread 0x00000000082f3800 nmethod 42 0x00000000024d5b50 code [0x00000000024d5ce0, 0x00000000024d6100]

GC Heap History (0 events):
No events

Deoptimization events (1 events):
Event: 0.897 Thread 0x000000000034d800 Uncommon trap: reason=null_check action=make_not_entrant pc=0x00000000024d06a8 method=java.lang.String.equals(Ljava/lang/Object;)Z @ 8

Internal exceptions (10 events):
Event: 1.181 Thread 0x000000000034d800 Threw 0x00000000eb70c230 at C:\re\jdk7u67\1368\hotspot\src\share\vm\prims\jvm.cpp:1244
Event: 1.182 Thread 0x000000000034d800 Threw 0x00000000eb70fdb0 at C:\re\jdk7u67\1368\hotspot\src\share\vm\prims\jvm.cpp:1244
Event: 1.184 Thread 0x000000000034d800 Threw 0x00000000eb712e28 at C:\re\jdk7u67\1368\hotspot\src\share\vm\prims\jvm.cpp:1244
Event: 1.186 Thread 0x000000000034d800 Threw 0x00000000eb714418 at C:\re\jdk7u67\1368\hotspot\src\share\vm\prims\jvm.cpp:1244
Event: 1.633 Thread 0x000000000034d800 Threw 0x00000000eb7168d8 at C:\re\jdk7u67\1368\hotspot\src\share\vm\prims\jvm.cpp:1244
Event: 1.635 Thread 0x000000000034d800 Threw 0x00000000eb7185e8 at C:\re\jdk7u67\1368\hotspot\src\share\vm\prims\jvm.cpp:1244
Event: 1.638 Thread 0x000000000034d800 Threw 0x00000000eb71f830 at C:\re\jdk7u67\1368\hotspot\src\share\vm\prims\jvm.cpp:1244
Event: 1.643 Thread 0x000000000a187000 Threw 0x00000000eb7c71d8 at C:\re\jdk7u67\1368\hotspot\src\share\vm\prims\jvm.cpp:1244
Event: 1.645 Thread 0x000000000a187000 Threw 0x00000000eb7c8b88 at C:\re\jdk7u67\1368\hotspot\src\share\vm\prims\jvm.cpp:1244
Event: 1.647 Thread 0x000000000a187000 Threw 0x00000000eb7cc060 at C:\re\jdk7u67\1368\hotspot\src\share\vm\prims\jvm.cpp:1244

Events (10 events):
Event: 1.679 loading class 0x000000000a1b46a0
Event: 1.679 loading class 0x000000000a1b46a0 done
Event: 1.680 loading class 0x000000000a1b4670
Event: 1.680 loading class 0x000000000a1b4670 done
Event: 1.681 loading class 0x000000000a0ab580
Event: 1.681 loading class 0x000000000a0ab580 done
Event: 1.682 loading class 0x000000000a1b5020
Event: 1.682 loading class 0x000000000a1b5020 done
Event: 1.682 loading class 0x000000000a017520
Event: 1.683 loading class 0x000000000a017520 done


Dynamic libraries:
0x000000013f7d0000 - 0x000000013f803000 	C:\Program Files\Java\jre7\bin\javaw.exe
0x00000000775f0000 - 0x0000000077799000 	C:\Windows\SYSTEM32\ntdll.dll
0x00000000774d0000 - 0x00000000775ef000 	C:\Windows\system32\kernel32.dll
0x000007fefd5e0000 - 0x000007fefd64c000 	C:\Windows\system32\KERNELBASE.dll
0x000007fefe900000 - 0x000007fefe9db000 	C:\Windows\system32\ADVAPI32.dll
0x000007fefe4f0000 - 0x000007fefe58f000 	C:\Windows\system32\msvcrt.dll
0x000007fefe4d0000 - 0x000007fefe4ef000 	C:\Windows\SYSTEM32\sechost.dll
0x000007feff7d0000 - 0x000007feff8fd000 	C:\Windows\system32\RPCRT4.dll
0x00000000773d0000 - 0x00000000774ca000 	C:\Windows\system32\USER32.dll
0x000007fefe460000 - 0x000007fefe4c7000 	C:\Windows\system32\GDI32.dll
0x000007fefe370000 - 0x000007fefe37e000 	C:\Windows\system32\LPK.dll
0x000007fefd930000 - 0x000007fefd9f9000 	C:\Windows\system32\USP10.dll
0x000007fefb5d0000 - 0x000007fefb7c4000 	C:\Windows\WinSxS\amd64_microsoft.windows.common-controls_6595b64144ccf1df_6.0.7601.17514_none_fa396087175ac9ac\COMCTL32.dll
0x000007fefe030000 - 0x000007fefe0a1000 	C:\Windows\system32\SHLWAPI.dll
0x000007fefe130000 - 0x000007fefe15e000 	C:\Windows\system32\IMM32.DLL
0x000007fefd7c0000 - 0x000007fefd8c9000 	C:\Windows\system32\MSCTF.dll
0x000000006e040000 - 0x000000006e112000 	C:\Program Files\Java\jre7\bin\msvcr100.dll
0x0000000068210000 - 0x00000000689e2000 	C:\Program Files\Java\jre7\bin\server\jvm.dll
0x000007fefa620000 - 0x000007fefa629000 	C:\Windows\system32\WSOCK32.dll
0x000007fefd8e0000 - 0x000007fefd92d000 	C:\Windows\system32\WS2_32.dll
0x000007fefd8d0000 - 0x000007fefd8d8000 	C:\Windows\system32\NSI.dll
0x000007fefbe40000 - 0x000007fefbe7b000 	C:\Windows\system32\WINMM.dll
0x00000000777c0000 - 0x00000000777c7000 	C:\Windows\system32\PSAPI.DLL
0x0000000070770000 - 0x000000007077f000 	C:\Program Files\Java\jre7\bin\verify.dll
0x000000006e010000 - 0x000000006e038000 	C:\Program Files\Java\jre7\bin\java.dll
0x000000006e180000 - 0x000000006e195000 	C:\Program Files\Java\jre7\bin\zip.dll
0x000000006dff0000 - 0x000000006e009000 	C:\Program Files\Java\jre7\bin\net.dll
0x000007fefcbe0000 - 0x000007fefcc35000 	C:\Windows\system32\mswsock.dll
0x000007fefcbd0000 - 0x000007fefcbd7000 	C:\Windows\System32\wship6.dll
0x000000006dfd0000 - 0x000000006dfe1000 	C:\Program Files\Java\jre7\bin\nio.dll
0x000007fefb810000 - 0x000007fefb825000 	C:\Windows\system32\NLAapi.dll
0x000007fefa5f0000 - 0x000007fefa605000 	C:\Windows\system32\napinsp.dll
0x000007fefa5d0000 - 0x000007fefa5e9000 	C:\Windows\system32\pnrpnsp.dll
0x000007fefca60000 - 0x000007fefcabb000 	C:\Windows\system32\DNSAPI.dll
0x000007fefa5b0000 - 0x000007fefa5bb000 	C:\Windows\System32\winrnr.dll
0x000007fefc5c0000 - 0x000007fefc5c7000 	C:\Windows\System32\wshtcpip.dll
0x000007fefaf90000 - 0x000007fefafb7000 	C:\Windows\system32\IPHLPAPI.DLL
0x000007fefaf70000 - 0x000007fefaf7b000 	C:\Windows\system32\WINNSI.DLL
0x000007fef52a0000 - 0x000007fef52a8000 	C:\Windows\system32\rasadhlp.dll
0x000007fefadc0000 - 0x000007fefae13000 	C:\Windows\System32\fwpuclnt.dll
0x000007fefcc40000 - 0x000007fefcc57000 	C:\Windows\system32\CRYPTSP.dll
0x000007fefc940000 - 0x000007fefc987000 	C:\Windows\system32\rsaenh.dll
0x000007fefd520000 - 0x000007fefd53e000 	C:\Windows\system32\USERENV.dll
0x000007fefd410000 - 0x000007fefd41f000 	C:\Windows\system32\profapi.dll
0x000007fefd2a0000 - 0x000007fefd2af000 	C:\Windows\system32\CRYPTBASE.dll
0x000007fefad00000 - 0x000007fefad18000 	C:\Windows\system32\dhcpcsvc.DLL
0x000007fefad20000 - 0x000007fefad31000 	C:\Windows\system32\dhcpcsvc6.DLL
0x000000005dd90000 - 0x000000005dd9b000 	C:\Program Files\Java\jre7\bin\management.dll
0x000007fef8600000 - 0x000007fef862f000 	C:\Windows\System32\genderr.dll
0x000007fee7f90000 - 0x000007fee8494000 	C:\opencv\build\x64\vc11\bin\opencv_core249d.dll
0x000007feedac0000 - 0x000007feedbd4000 	C:\Windows\system32\MSVCP110D.dll
0x000007fee9010000 - 0x000007fee91f2000 	C:\Windows\system32\MSVCR110D.dll
0x000007fee8ab0000 - 0x000007fee9008000 	C:\opencv\build\x64\vc11\bin\opencv_imgproc249d.dll
0x000007fee7ae0000 - 0x000007fee7f82000 	C:\opencv\build\x64\vc11\bin\opencv_highgui249d.dll
0x000007fefe160000 - 0x000007fefe363000 	C:\Windows\system32\ole32.dll
0x000007fefe380000 - 0x000007fefe457000 	C:\Windows\system32\OLEAUT32.dll
0x000007fef80b0000 - 0x000007fef80d9000 	C:\Windows\system32\MSVFW32.dll
0x000007fefe9e0000 - 0x000007feff768000 	C:\Windows\system32\SHELL32.dll
0x000007fef85b0000 - 0x000007fef85cf000 	C:\Windows\system32\AVIFIL32.dll
0x000007fef4b00000 - 0x000007fef4b18000 	C:\Windows\system32\MSACM32.dll
0x000007fef7fb0000 - 0x000007fef7fc7000 	C:\Windows\system32\AVICAP32.dll
0x000007fefc4f0000 - 0x000007fefc4fc000 	C:\Windows\system32\VERSION.dll
0x000007fee78c0000 - 0x000007fee7ae0000 	C:\opencv\build\x64\vc11\bin\opencv_objdetect249d.dll
0x000007fee6e80000 - 0x000007fee71ec000 	C:\opencv\build\x64\vc11\bin\opencv_contrib249d.dll
0x000007fee9cb0000 - 0x000007fee9e5a000 	C:\opencv\build\x64\vc11\bin\opencv_flann249d.dll
0x000007fee6c50000 - 0x000007fee6e7b000 	C:\opencv\build\x64\vc11\bin\opencv_features2d249d.dll
0x000007fee6a00000 - 0x000007fee6c45000 	C:\opencv\build\x64\vc11\bin\opencv_calib3d249d.dll
0x000007fee7760000 - 0x000007fee78bf000 	C:\opencv\build\x64\vc11\bin\opencv_ml249d.dll
0x000007fee8800000 - 0x000007fee88ff000 	C:\opencv\build\x64\vc11\bin\opencv_video249d.dll
0x000007fef1a50000 - 0x000007fef1b75000 	C:\Windows\system32\dbghelp.dll

VM Arguments:
jvm_args: -Dfile.encoding=MS949 
java_command: main.ServerMain
Launcher Type: SUN_STANDARD

Environment Variables:
PATH=C:\oraclexe\app\oracle\product\10.2.0\server\bin;C:\Windows\system32;C:\Windows;C:\Windows\System32\Wbem;C:\Windows\System32\WindowsPowerShell\v1.0\;C:\Program Files (x86)\Intel\OpenCL SDK\2.0\bin\x86;C:\Program Files (x86)\Intel\OpenCL SDK\2.0\bin\x64;C:\jre\bin;C:\jre\bin\client;C:\jre\bin\dtplugin;C:\jre\bin\plugin2;C:\jre\lib;C:\Program Files\Microsoft\Web Platform Installer\;C:\Program Files (x86)\Microsoft ASP.NET\ASP.NET Web Pages\v1.0\;C:\Program Files (x86)\Windows Kits\8.0\Windows Performance Toolkit\;C:\Program Files\Microsoft SQL Server\110\Tools\Binn\;C:\Program Files\Java\jdk1.7.0_67\bin;C:\opencv\build\x64\vc11\bin;
USERNAME=Johnny
OS=Windows_NT
PROCESSOR_IDENTIFIER=Intel64 Family 6 Model 42 Stepping 7, GenuineIntel



---------------  S Y S T E M  ---------------

OS: Windows 7 , 64 bit Build 7601 Service Pack 1

CPU:total 4 (2 cores per cpu, 2 threads per core) family 6 model 42 stepping 7, cmov, cx8, fxsr, mmx, sse, sse2, sse3, ssse3, sse4.1, sse4.2, popcnt, avx, aes, ht, tsc, tscinvbit

Memory: 4k page, physical 4102512k(1040652k free), swap 8203160k(4004892k free)

vm_info: Java HotSpot(TM) 64-Bit Server VM (24.65-b04) for windows-amd64 JRE (1.7.0_67-b01), built on Jul 25 2014 08:55:00 by "java_re" with unknown MS VC++:1600

time: Thu Aug 21 19:56:43 2014
elapsed time: 2 seconds

