#
# A fatal error has been detected by the Java Runtime Environment:
#
#  EXCEPTION_ACCESS_VIOLATION (0xc0000005) at pc=0x000007fef85c2047, pid=5340, tid=4432
#
# JRE version: Java(TM) SE Runtime Environment (7.0_67-b01) (build 1.7.0_67-b01)
# Java VM: Java HotSpot(TM) 64-Bit Server VM (24.65-b04 mixed mode windows-amd64 compressed oops)
# Problematic frame:
# C  [genderr.dll+0x2047]  Java_analysis_FilmAnalyzer_NativeCall+0x167
#
# Failed to write core dump. Minidumps are not enabled by default on client versions of Windows
#
# If you would like to submit a bug report, please visit:
#   http://bugreport.sun.com/bugreport/crash.jsp
# The crash happened outside the Java Virtual Machine in native code.
# See problematic frame for where to report the bug.
#

---------------  T H R E A D  ---------------

Current thread (0x000000000a1db000):  JavaThread "Thread-1" [_thread_in_native, id=4432, stack(0x000000000afe0000,0x000000000b0e0000)]

siginfo: ExceptionCode=0xc0000005, reading address 0x0000000000000000

Registers:
RAX=0x0000000000000000, RBX=0x00000000bca7ba20, RCX=0x000000000b0decf8, RDX=0x000000000b0dea50
RSP=0x000000000b0deb10, RBP=0x000000000b0df518, RSI=0x000000000a1db000, RDI=0x000000000b0df488
R8 =0x0000000000000000, R9 =0x0000000000000000, R10=0x000007fef85dca50, R11=0x00000000003cbfd0
R12=0x0000000000000000, R13=0x00000000bca7ba20, R14=0x000000000b0df540, R15=0x000000000a1db000
RIP=0x000007fef85c2047, EFLAGS=0x0000000000010206

Top of Stack: (sp=0x000000000b0deb10)
0x000000000b0deb10:   000000000b0decf8 000007fef85dca50
0x000000000b0deb20:   000000000b0dec98 cccccccccccccc3b
0x000000000b0deb30:   cccccccccccccccc cccccccccccccccc
0x000000000b0deb40:   cccccccccccccccc cccccccccccccccc
0x000000000b0deb50:   cccccccccccccccc cccccccccccccccc
0x000000000b0deb60:   000000000a1f0870 cccccccccccccccc
0x000000000b0deb70:   cccccccccccccccc cccccccccccccccc
0x000000000b0deb80:   0000000100000000 cccccccccccccccc
0x000000000b0deb90:   cccccccccccccccc 0000000000398b10
0x000000000b0deba0:   00000000003e4a80 cccccccccccccccc
0x000000000b0debb0:   0000000000000048 000000000000004f
0x000000000b0debc0:   cccccccccccccccc cccccccccccccccc
0x000000000b0debd0:   cccccccccccccccc 00000000003ca160
0x000000000b0debe0:   7673632e615c3a43 cccccccccccccc00
0x000000000b0debf0:   0000000000000008 000000000000000f
0x000000000b0dec00:   cccccccccccccccc cccccccccccccccc 

Instructions: (pc=0x000007fef85c2047)
0x000007fef85c2027:   ff ff 90 48 8d 8c 24 e8 01 00 00 e8 66 f3 ff ff
0x000007fef85c2037:   48 89 84 24 38 09 00 00 48 8b 84 24 38 09 00 00
0x000007fef85c2047:   48 8b 00 48 8d 94 24 08 02 00 00 48 8b 8c 24 38
0x000007fef85c2057:   09 00 00 ff 50 50 90 48 8d 8c 24 08 02 00 00 e8 


Register to memory mapping:

RAX=0x0000000000000000 is an unknown value
RBX=0x00000000bca7ba20 is an oop
{method} 
 - klass: {other class}
RCX=0x000000000b0decf8 is pointing into the stack for thread: 0x000000000a1db000
RDX=0x000000000b0dea50 is pointing into the stack for thread: 0x000000000a1db000
RSP=0x000000000b0deb10 is pointing into the stack for thread: 0x000000000a1db000
RBP=0x000000000b0df518 is pointing into the stack for thread: 0x000000000a1db000
RSI=0x000000000a1db000 is a thread
RDI=0x000000000b0df488 is pointing into the stack for thread: 0x000000000a1db000
R8 =0x0000000000000000 is an unknown value
R9 =0x0000000000000000 is an unknown value
R10=0x000007fef85dca50 is an unknown value
R11=0x00000000003cbfd0 is an unknown value
R12=0x0000000000000000 is an unknown value
R13=0x00000000bca7ba20 is an oop
{method} 
 - klass: {other class}
R14=0x000000000b0df540 is pointing into the stack for thread: 0x000000000a1db000
R15=0x000000000a1db000 is a thread


Stack: [0x000000000afe0000,0x000000000b0e0000],  sp=0x000000000b0deb10,  free space=1018k
Native frames: (J=compiled Java code, j=interpreted, Vv=VM code, C=native code)
C  [genderr.dll+0x2047]  Java_analysis_FilmAnalyzer_NativeCall+0x167
j  analysis.FilmAnalyzer.run()V+5
j  java.lang.Thread.run()V+11
v  ~StubRoutines::call_stub
V  [jvm.dll+0x1ce283]

Java frames: (J=compiled Java code, j=interpreted, Vv=VM code)
j  analysis.FilmAnalyzer.NativeCall(Lanalysis/GenderInfo;)V+0
j  analysis.FilmAnalyzer.run()V+5
j  java.lang.Thread.run()V+11
v  ~StubRoutines::call_stub

---------------  P R O C E S S  ---------------

Java Threads: ( => current thread )
  0x000000000220d800 JavaThread "DestroyJavaVM" [_thread_blocked, id=5804, stack(0x0000000002330000,0x0000000002430000)]
  0x000000000a0f1000 JavaThread "Thread-3" [_thread_in_native, id=4796, stack(0x000000000b3e0000,0x000000000b4e0000)]
  0x000000000a1dd000 JavaThread "Thread-2" [_thread_in_Java, id=4360, stack(0x000000000b290000,0x000000000b390000)]
=>0x000000000a1db000 JavaThread "Thread-1" [_thread_in_native, id=4432, stack(0x000000000afe0000,0x000000000b0e0000)]
  0x00000000085e9800 JavaThread "Service Thread" daemon [_thread_blocked, id=5568, stack(0x0000000009f20000,0x000000000a020000)]
  0x00000000085e9000 JavaThread "C2 CompilerThread1" daemon [_thread_blocked, id=5208, stack(0x00000000099b0000,0x0000000009ab0000)]
  0x00000000085e3800 JavaThread "C2 CompilerThread0" daemon [_thread_blocked, id=1872, stack(0x0000000009c60000,0x0000000009d60000)]
  0x00000000085e2800 JavaThread "Attach Listener" daemon [_thread_blocked, id=3340, stack(0x0000000009b10000,0x0000000009c10000)]
  0x00000000085db800 JavaThread "Signal Dispatcher" daemon [_thread_blocked, id=5176, stack(0x0000000009650000,0x0000000009750000)]
  0x0000000008577800 JavaThread "Finalizer" daemon [_thread_blocked, id=4908, stack(0x0000000009870000,0x0000000009970000)]
  0x0000000008570000 JavaThread "Reference Handler" daemon [_thread_blocked, id=5004, stack(0x0000000009770000,0x0000000009870000)]

Other Threads:
  0x0000000008568800 VMThread [stack: 0x0000000009550000,0x0000000009650000] [id=704]
  0x00000000085eb800 WatcherThread [stack: 0x000000000a4e0000,0x000000000a5e0000] [id=5748]

VM state:not at safepoint (normal execution)

VM Mutex/Monitor currently owned by a thread: None

Heap
 PSYoungGen      total 18944K, used 11816K [0x00000000eb200000, 0x00000000ec700000, 0x0000000100000000)
  eden space 16384K, 72% used [0x00000000eb200000,0x00000000ebd8a030,0x00000000ec200000)
  from space 2560K, 0% used [0x00000000ec480000,0x00000000ec480000,0x00000000ec700000)
  to   space 2560K, 0% used [0x00000000ec200000,0x00000000ec200000,0x00000000ec480000)
 ParOldGen       total 42496K, used 0K [0x00000000c1600000, 0x00000000c3f80000, 0x00000000eb200000)
  object space 42496K, 0% used [0x00000000c1600000,0x00000000c1600000,0x00000000c3f80000)
 PSPermGen       total 21504K, used 6837K [0x00000000bc400000, 0x00000000bd900000, 0x00000000c1600000)
  object space 21504K, 31% used [0x00000000bc400000,0x00000000bcaad660,0x00000000bd900000)

Card table byte_map: [0x0000000005580000,0x00000000057a0000] byte_map_base: 0x0000000004f9e000

Polling page: 0x0000000000200000

Code Cache  [0x0000000002580000, 0x00000000027f0000, 0x0000000005580000)
 total_blobs=305 nmethods=43 adapters=215 free_code_cache=48664Kb largest_free_block=49813760

Compilation events (10 events):
Event: 1.964 Thread 0x00000000085e9000 nmethod 37 0x00000000025f53d0 code [0x00000000025f5500, 0x00000000025f5558]
Event: 1.964 Thread 0x00000000085e9000   39             java.util.Calendar::getFirstDayOfWeek (5 bytes)
Event: 1.964 Thread 0x00000000085e9000 nmethod 39 0x00000000025f4990 code [0x00000000025f4ac0, 0x00000000025f4b18]
Event: 1.964 Thread 0x00000000085e9000   40             sun.util.calendar.AbstractCalendar::getDayOfWeekDateOnOrBefore (31 bytes)
Event: 1.966 Thread 0x00000000085e9000 nmethod 40 0x00000000025f8110 code [0x00000000025f8260, 0x00000000025f8328]
Event: 1.966 Thread 0x00000000085e9000   41             java.util.Calendar::getMinimalDaysInFirstWeek (5 bytes)
Event: 1.967 Thread 0x00000000085e9000 nmethod 41 0x00000000025f7f10 code [0x00000000025f8040, 0x00000000025f8098]
Event: 1.967 Thread 0x00000000085e9000   42             sun.util.calendar.BaseCalendar::getFixedDate (324 bytes)
Event: 1.967 Thread 0x00000000085e3800 nmethod 38 0x00000000025fc810 code [0x00000000025fc960, 0x00000000025fcab8]
Event: 1.980 Thread 0x00000000085e9000 nmethod 42 0x00000000025faa10 code [0x00000000025faba0, 0x00000000025fafc0]

GC Heap History (0 events):
No events

Deoptimization events (1 events):
Event: 0.994 Thread 0x000000000220d800 Uncommon trap: reason=null_check action=make_not_entrant pc=0x00000000025eaae8 method=java.lang.String.equals(Ljava/lang/Object;)Z @ 8

Internal exceptions (10 events):
Event: 1.305 Thread 0x000000000220d800 Threw 0x00000000eb75e188 at C:\re\jdk7u67\1368\hotspot\src\share\vm\prims\jvm.cpp:1244
Event: 1.306 Thread 0x000000000220d800 Threw 0x00000000eb761d08 at C:\re\jdk7u67\1368\hotspot\src\share\vm\prims\jvm.cpp:1244
Event: 1.308 Thread 0x000000000220d800 Threw 0x00000000eb764d80 at C:\re\jdk7u67\1368\hotspot\src\share\vm\prims\jvm.cpp:1244
Event: 1.310 Thread 0x000000000220d800 Threw 0x00000000eb766370 at C:\re\jdk7u67\1368\hotspot\src\share\vm\prims\jvm.cpp:1244
Event: 1.644 Thread 0x000000000220d800 Threw 0x00000000eb768830 at C:\re\jdk7u67\1368\hotspot\src\share\vm\prims\jvm.cpp:1244
Event: 1.646 Thread 0x000000000220d800 Threw 0x00000000eb76a540 at C:\re\jdk7u67\1368\hotspot\src\share\vm\prims\jvm.cpp:1244
Event: 1.649 Thread 0x000000000220d800 Threw 0x00000000eb771788 at C:\re\jdk7u67\1368\hotspot\src\share\vm\prims\jvm.cpp:1244
Event: 1.654 Thread 0x000000000a1dd000 Threw 0x00000000eb818a90 at C:\re\jdk7u67\1368\hotspot\src\share\vm\prims\jvm.cpp:1244
Event: 1.657 Thread 0x000000000a1dd000 Threw 0x00000000eb81a440 at C:\re\jdk7u67\1368\hotspot\src\share\vm\prims\jvm.cpp:1244
Event: 1.659 Thread 0x000000000a1dd000 Threw 0x00000000eb81d918 at C:\re\jdk7u67\1368\hotspot\src\share\vm\prims\jvm.cpp:1244

Events (10 events):
Event: 1.658 loading class 0x000000000a3b5df0 done
Event: 1.658 loading class 0x000000000a292d10 done
Event: 1.659 loading class 0x000000000a06d900
Event: 1.659 loading class 0x000000000a06d900 done
Event: 1.660 loading class 0x000000000a2936c0
Event: 1.660 loading class 0x000000000a2936c0 done
Event: 1.661 loading class 0x00000000085ee480
Event: 1.661 loading class 0x000000000a3b5e90
Event: 1.662 loading class 0x000000000a3b5e90 done
Event: 1.662 loading class 0x00000000085ee480 done


Dynamic libraries:
0x000000013f740000 - 0x000000013f773000 	C:\Program Files\Java\jre7\bin\javaw.exe
0x00000000775f0000 - 0x0000000077799000 	C:\Windows\SYSTEM32\ntdll.dll
0x00000000774d0000 - 0x00000000775ef000 	C:\Windows\system32\kernel32.dll
0x000007fefd5e0000 - 0x000007fefd64c000 	C:\Windows\system32\KERNELBASE.dll
0x000007fefe900000 - 0x000007fefe9db000 	C:\Windows\system32\ADVAPI32.dll
0x000007fefe4f0000 - 0x000007fefe58f000 	C:\Windows\system32\msvcrt.dll
0x000007fefe4d0000 - 0x000007fefe4ef000 	C:\Windows\SYSTEM32\sechost.dll
0x000007feff7d0000 - 0x000007feff8fd000 	C:\Windows\system32\RPCRT4.dll
0x00000000773d0000 - 0x00000000774ca000 	C:\Windows\system32\USER32.dll
0x000007fefe460000 - 0x000007fefe4c7000 	C:\Windows\system32\GDI32.dll
0x000007fefe370000 - 0x000007fefe37e000 	C:\Windows\system32\LPK.dll
0x000007fefd930000 - 0x000007fefd9f9000 	C:\Windows\system32\USP10.dll
0x000007fefb5d0000 - 0x000007fefb7c4000 	C:\Windows\WinSxS\amd64_microsoft.windows.common-controls_6595b64144ccf1df_6.0.7601.17514_none_fa396087175ac9ac\COMCTL32.dll
0x000007fefe030000 - 0x000007fefe0a1000 	C:\Windows\system32\SHLWAPI.dll
0x000007fefe130000 - 0x000007fefe15e000 	C:\Windows\system32\IMM32.DLL
0x000007fefd7c0000 - 0x000007fefd8c9000 	C:\Windows\system32\MSCTF.dll
0x000000006e040000 - 0x000000006e112000 	C:\Program Files\Java\jre7\bin\msvcr100.dll
0x0000000068210000 - 0x00000000689e2000 	C:\Program Files\Java\jre7\bin\server\jvm.dll
0x000007fefa620000 - 0x000007fefa629000 	C:\Windows\system32\WSOCK32.dll
0x000007fefd8e0000 - 0x000007fefd92d000 	C:\Windows\system32\WS2_32.dll
0x000007fefd8d0000 - 0x000007fefd8d8000 	C:\Windows\system32\NSI.dll
0x000007fefbe40000 - 0x000007fefbe7b000 	C:\Windows\system32\WINMM.dll
0x00000000777c0000 - 0x00000000777c7000 	C:\Windows\system32\PSAPI.DLL
0x0000000070770000 - 0x000000007077f000 	C:\Program Files\Java\jre7\bin\verify.dll
0x000000006e010000 - 0x000000006e038000 	C:\Program Files\Java\jre7\bin\java.dll
0x000000006e180000 - 0x000000006e195000 	C:\Program Files\Java\jre7\bin\zip.dll
0x000000006dff0000 - 0x000000006e009000 	C:\Program Files\Java\jre7\bin\net.dll
0x000007fefcbe0000 - 0x000007fefcc35000 	C:\Windows\system32\mswsock.dll
0x000007fefcbd0000 - 0x000007fefcbd7000 	C:\Windows\System32\wship6.dll
0x000000006dfd0000 - 0x000000006dfe1000 	C:\Program Files\Java\jre7\bin\nio.dll
0x000007fefb810000 - 0x000007fefb825000 	C:\Windows\system32\NLAapi.dll
0x000007fefa5f0000 - 0x000007fefa605000 	C:\Windows\system32\napinsp.dll
0x000007fefa5d0000 - 0x000007fefa5e9000 	C:\Windows\system32\pnrpnsp.dll
0x000007fefca60000 - 0x000007fefcabb000 	C:\Windows\system32\DNSAPI.dll
0x000007fefa5b0000 - 0x000007fefa5bb000 	C:\Windows\System32\winrnr.dll
0x000007fefc5c0000 - 0x000007fefc5c7000 	C:\Windows\System32\wshtcpip.dll
0x000007fefaf90000 - 0x000007fefafb7000 	C:\Windows\system32\IPHLPAPI.DLL
0x000007fefaf70000 - 0x000007fefaf7b000 	C:\Windows\system32\WINNSI.DLL
0x000007fef52a0000 - 0x000007fef52a8000 	C:\Windows\system32\rasadhlp.dll
0x000007fefadc0000 - 0x000007fefae13000 	C:\Windows\System32\fwpuclnt.dll
0x000007fefcc40000 - 0x000007fefcc57000 	C:\Windows\system32\CRYPTSP.dll
0x000007fefc940000 - 0x000007fefc987000 	C:\Windows\system32\rsaenh.dll
0x000007fefd520000 - 0x000007fefd53e000 	C:\Windows\system32\USERENV.dll
0x000007fefd410000 - 0x000007fefd41f000 	C:\Windows\system32\profapi.dll
0x000007fefd2a0000 - 0x000007fefd2af000 	C:\Windows\system32\CRYPTBASE.dll
0x000007fefad00000 - 0x000007fefad18000 	C:\Windows\system32\dhcpcsvc.DLL
0x000007fefad20000 - 0x000007fefad31000 	C:\Windows\system32\dhcpcsvc6.DLL
0x000000006dfb0000 - 0x000000006dfbb000 	C:\Program Files\Java\jre7\bin\management.dll
0x000007fef85c0000 - 0x000007fef85ef000 	C:\Windows\System32\genderr.dll
0x000007fee8cf0000 - 0x000007fee91f4000 	C:\opencv\build\x64\vc11\bin\opencv_core249d.dll
0x000007feedf60000 - 0x000007feee074000 	C:\Windows\system32\MSVCP110D.dll
0x000007fee8b00000 - 0x000007fee8ce2000 	C:\Windows\system32\MSVCR110D.dll
0x000007fee7f40000 - 0x000007fee8498000 	C:\opencv\build\x64\vc11\bin\opencv_imgproc249d.dll
0x000007fee7a90000 - 0x000007fee7f32000 	C:\opencv\build\x64\vc11\bin\opencv_highgui249d.dll
0x000007fefe160000 - 0x000007fefe363000 	C:\Windows\system32\ole32.dll
0x000007fefe380000 - 0x000007fefe457000 	C:\Windows\system32\OLEAUT32.dll
0x000007fef8400000 - 0x000007fef8429000 	C:\Windows\system32\MSVFW32.dll
0x000007fefe9e0000 - 0x000007feff768000 	C:\Windows\system32\SHELL32.dll
0x000007fef8610000 - 0x000007fef862f000 	C:\Windows\system32\AVIFIL32.dll
0x000007fef4b00000 - 0x000007fef4b18000 	C:\Windows\system32\MSACM32.dll
0x000007fef83e0000 - 0x000007fef83f7000 	C:\Windows\system32\AVICAP32.dll
0x000007fefc4f0000 - 0x000007fefc4fc000 	C:\Windows\system32\VERSION.dll
0x000007fee7870000 - 0x000007fee7a90000 	C:\opencv\build\x64\vc11\bin\opencv_objdetect249d.dll
0x000007fef1a50000 - 0x000007fef1b75000 	C:\Windows\system32\dbghelp.dll

VM Arguments:
jvm_args: -Dfile.encoding=MS949 
java_command: main.ServerMain
Launcher Type: SUN_STANDARD

Environment Variables:
PATH=C:\oraclexe\app\oracle\product\10.2.0\server\bin;C:\Windows\system32;C:\Windows;C:\Windows\System32\Wbem;C:\Windows\System32\WindowsPowerShell\v1.0\;C:\Program Files (x86)\Intel\OpenCL SDK\2.0\bin\x86;C:\Program Files (x86)\Intel\OpenCL SDK\2.0\bin\x64;C:\jre\bin;C:\jre\bin\client;C:\jre\bin\dtplugin;C:\jre\bin\plugin2;C:\jre\lib;C:\Program Files\Microsoft\Web Platform Installer\;C:\Program Files (x86)\Microsoft ASP.NET\ASP.NET Web Pages\v1.0\;C:\Program Files (x86)\Windows Kits\8.0\Windows Performance Toolkit\;C:\Program Files\Microsoft SQL Server\110\Tools\Binn\;C:\Program Files\Java\jdk1.7.0_67\bin;C:\opencv\build\x64\vc11\bin;
USERNAME=Johnny
OS=Windows_NT
PROCESSOR_IDENTIFIER=Intel64 Family 6 Model 42 Stepping 7, GenuineIntel



---------------  S Y S T E M  ---------------

OS: Windows 7 , 64 bit Build 7601 Service Pack 1

CPU:total 4 (2 cores per cpu, 2 threads per core) family 6 model 42 stepping 7, cmov, cx8, fxsr, mmx, sse, sse2, sse3, ssse3, sse4.1, sse4.2, popcnt, avx, aes, ht, tsc, tscinvbit

Memory: 4k page, physical 4102512k(1044484k free), swap 8203160k(4007300k free)

vm_info: Java HotSpot(TM) 64-Bit Server VM (24.65-b04) for windows-amd64 JRE (1.7.0_67-b01), built on Jul 25 2014 08:55:00 by "java_re" with unknown MS VC++:1600

time: Thu Aug 21 19:55:44 2014
elapsed time: 2 seconds

